<?xml version="1.0" encoding="UTF-8"?>
<!-- Generated by org.testng.reporters.JUnitReportReporter -->
<testsuite skipped="0" hostname="BOUNCEs-MacBook-Pro-5.local" name="testcases.testcase1" tests="1" failures="0" timestamp="05 Apr 2020 09:12:21 GMT" time="80.086" errors="0">
  <testcase name="searchPlacesNearBy" time="80.086" classname="testcases.testcase1"/>
</testsuite> <!-- testcases.testcase1 -->
